INFO Data Save Successfully
INFO Good Responece
INFO Record Delete Successfully
INFO Record Delete Successfully
INFO Record Delete Successfully
ERROR No content Here
INFO New Record Created
INFO Record data get
INFO Record data get
INFO Record fetch successfully
INFO Record data get
INFO Record Delete Successfully
INFO No Record Found data geted
ERROR No Record Found
ERROR No Record Found
ERROR No Record Found
INFO New Record Created
INFO Record found
INFO Record Delete Successfully
ERROR No Record Found
ERROR 2023-08-01 18:05:41,871 views 7548 9440 No Record Found
INFO 2023-08-01 18:05:46,211 views 7548 9440 New Record Created
INFO 2023-08-01 18:06:24,143 views 7548 9440 Record found
INFO 2023-08-01 18:06:57,676 views 7548 9440 Record Found
INFO 2023-08-01 18:06:57,680 views 7548 9440 Record Delete Successfully
ERROR 2023-08-01 18:31:53,134 views 12460 7180 No Record Found
ERROR 2023-08-01 18:44:39,338 views 5836 14224 No record Found
ERROR 2023-08-01 18:45:48,830 views 16784 1452 No Record Found
INFO 2023-08-01 18:45:54,529 views 16784 1452 New Record Created
INFO 2023-08-01 18:46:15,626 views 16784 1452 Record Found
INFO 2023-08-01 18:49:18,828 views 9244 18428 Record Found
ERROR 2023-08-01 18:49:50,683 views 9244 18428 No record Found
ERROR 2023-08-01 18:50:32,693 views 9244 18428 No record Found
ERROR 2023-08-01 18:51:33,963 views 9108 12480 No record Found
INFO 2023-08-01 18:52:16,481 views 9108 12480 Record Found
ERROR 2023-08-01 18:52:24,608 views 9108 12480 No record Found
ERROR 2023-08-01 18:54:18,221 views 7696 16244 No record Found
ERROR 2023-08-01 18:54:24,851 views 7696 16244 No record Found
ERROR 2023-08-01 18:56:40,212 views 11912 8840 No record Found
ERROR 2023-08-01 18:57:28,775 views 10000 16844 No record Found
INFO 2023-08-01 18:57:43,740 views 10000 16844 Record Found
INFO 2023-08-01 18:57:43,745 views 10000 16844 Record Fully updated ok
